<?xml version="1.0" encoding="UTF-8"?>
<testsuite xmlns:xsi="http://www.w3.org/2001/XMLSchema-instance" xsi:noNamespaceSchemaLocation="https://maven.apache.org/surefire/maven-surefire-plugin/xsd/surefire-test-report.xsd" name="io.javabrains.MathUtilsTest" time="0.098" tests="8" errors="0" skipped="2" failures="0">
  <properties>
[...]
</properties>
  <testcase name="testDisabled" classname="io.javabrains.MathUtilsTest" time="0">
    <skipped message="void io.javabrains.MathUtilsTest.testDisabled() is @Disabled"/>
  </testcase>
  <testcase name="testDivide" classname="io.javabrains.MathUtilsTest" time="0">
    <skipped message="Disabled on operating system: Windows 10"/>
  </testcase>
  <testcase name="testMultiply" classname="io.javabrains.MathUtilsTest" time="0.032"/>
  <testcase name="testComputeCircleRadius{RepetitionInfo}[1]" classname="io.javabrains.MathUtilsTest" time="0.006"/>
  <testcase name="testComputeCircleRadius{RepetitionInfo}[2]" classname="io.javabrains.MathUtilsTest" time="0.002"/>
  <testcase name="testComputeCircleRadius{RepetitionInfo}[3]" classname="io.javabrains.MathUtilsTest" time="0.002"/>
  <testcase name="testAddPositive" classname="io.javabrains.MathUtilsTest$AddTest" time="0.004"/>
  <testcase name="testAddNegative" classname="io.javabrains.MathUtilsTest$AddTest" time="0.002"/>
</testsuite>